<?xml version="1.0" encoding="UTF-8"?>
<testsuite name="ru.innopolis.ThreadMonitorTest" tests="5" skipped="0" failures="0" errors="0" timestamp="2016-11-13T11:12:07" hostname="AGENTxXx" time="0.014">
  <properties/>
  <testcase name="testFileNameError" classname="ru.innopolis.ThreadMonitorTest" time="0.0"/>
  <testcase name="testIsInteruppted" classname="ru.innopolis.ThreadMonitorTest" time="0.0"/>
  <testcase name="testErrorExeption" classname="ru.innopolis.ThreadMonitorTest" time="0.002"/>
  <testcase name="testErrorInterrupted" classname="ru.innopolis.ThreadMonitorTest" time="0.001"/>
  <testcase name="testSetDone" classname="ru.innopolis.ThreadMonitorTest" time="0.003"/>
  <system-out><![CDATA[]]></system-out>
  <system-err><![CDATA[]]></system-err>
</testsuite>
